\BOOKMARK [1][-]{section*.2}{Introduction}{}% 1
\BOOKMARK [1][-]{section.1}{Imp\351dance et Admittance - Analyse sous Cadence}{}% 2
\BOOKMARK [2][-]{subsection.1.1}{\311tude th\351orique}{section.1}% 3
\BOOKMARK [2][-]{subsection.1.2}{Simulation sous Cadence}{section.1}% 4
\BOOKMARK [1][-]{section.2}{Adaptation \340 Z0}{}% 5
\BOOKMARK [2][-]{subsection.2.1}{Adaptation avec un transformateur d'imp\351dance}{section.2}% 6
\BOOKMARK [3][-]{subsubsection.2.1.1}{Annulation de la partie imaginaire}{subsection.2.1}% 7
\BOOKMARK [3][-]{subsubsection.2.1.2}{Abaissement de l'imp\351dance}{subsection.2.1}% 8
\BOOKMARK [3][-]{subsubsection.2.1.3}{Adjustement final de l'imp\351dance}{subsection.2.1}% 9
\BOOKMARK [3][-]{subsubsection.2.1.4}{Calcul de la tension du circuit d'adaptation}{subsection.2.1}% 10
\BOOKMARK [2][-]{subsection.2.2}{Adaptation avec l'abaque de Smith}{section.2}% 11
\BOOKMARK [3][-]{subsubsection.2.2.1}{Principe d'adaptation avec des \351l\351ment discrets}{subsection.2.2}% 12
\BOOKMARK [3][-]{subsubsection.2.2.2}{Adaptation avec capacit\351 parrall\350le et inductance s\351rie}{subsection.2.2}% 13
\BOOKMARK [3][-]{subsubsection.2.2.3}{Adaptation avec inductance parrall\350le et capacit\351 s\351rie}{subsection.2.2}% 14
\BOOKMARK [1][-]{section.3}{Imp\351dance en entr\351e et sortie d'un transistor}{}% 15
\BOOKMARK [2][-]{subsection.3.1}{Mod\350le du MOSFET petit signal}{section.3}% 16
\BOOKMARK [2][-]{subsection.3.2}{Analyse des caract\351ristiques du MOSFET avec la simulation DC}{section.3}% 17
\BOOKMARK [2][-]{subsection.3.3}{Imp\351dance d'entr\351e du MOSFET}{section.3}% 18
\BOOKMARK [2][-]{subsection.3.4}{Imp\351dance en sortie du transistor}{section.3}% 19
\BOOKMARK [1][-]{section*.26}{Conclusion}{}% 20
\BOOKMARK [1][-]{section*.26}{R\351f\351rences}{}% 21
